0 info it worked if it ends with ok
1 verbose cli [ 'node',
1 verbose cli   '/usr/local/bin/npm',
1 verbose cli   'install',
1 verbose cli   '-g',
1 verbose cli   'bower',
1 verbose cli   'grunt-cli' ]
2 info using npm@1.4.28
3 info using node@v0.10.33
4 verbose cache add [ 'bower', null ]
5 verbose cache add name=undefined spec="bower" args=["bower",null]
6 verbose parsed url { protocol: null,
6 verbose parsed url   slashes: null,
6 verbose parsed url   auth: null,
6 verbose parsed url   host: null,
6 verbose parsed url   port: null,
6 verbose parsed url   hostname: null,
6 verbose parsed url   hash: null,
6 verbose parsed url   search: null,
6 verbose parsed url   query: null,
6 verbose parsed url   pathname: 'bower',
6 verbose parsed url   path: 'bower',
6 verbose parsed url   href: 'bower' }
7 verbose cache add [ 'grunt-cli', null ]
8 verbose cache add name=undefined spec="grunt-cli" args=["grunt-cli",null]
9 verbose parsed url { protocol: null,
9 verbose parsed url   slashes: null,
9 verbose parsed url   auth: null,
9 verbose parsed url   host: null,
9 verbose parsed url   port: null,
9 verbose parsed url   hostname: null,
9 verbose parsed url   hash: null,
9 verbose parsed url   search: null,
9 verbose parsed url   query: null,
9 verbose parsed url   pathname: 'grunt-cli',
9 verbose parsed url   path: 'grunt-cli',
9 verbose parsed url   href: 'grunt-cli' }
10 silly lockFile 206e3ce5-bower bower
11 verbose lock bower /Users/coleman/.npm/206e3ce5-bower.lock
12 silly lockFile 671ef8ac-grunt-cli grunt-cli
13 verbose lock grunt-cli /Users/coleman/.npm/671ef8ac-grunt-cli.lock
14 silly lockFile 206e3ce5-bower bower
15 silly lockFile 206e3ce5-bower bower
16 silly lockFile 671ef8ac-grunt-cli grunt-cli
17 silly lockFile 671ef8ac-grunt-cli grunt-cli
18 verbose addNamed [ 'bower', '' ]
19 verbose addNamed [ null, '*' ]
20 silly lockFile 1240aab1-bower bower@
21 verbose lock bower@ /Users/coleman/.npm/1240aab1-bower.lock
22 verbose addNamed [ 'grunt-cli', '' ]
23 verbose addNamed [ null, '*' ]
24 silly lockFile d63f3d0b-grunt-cli grunt-cli@
25 verbose lock grunt-cli@ /Users/coleman/.npm/d63f3d0b-grunt-cli.lock
26 silly addNameRange { name: 'bower', range: '*', hasData: false }
27 silly addNameRange { name: 'grunt-cli', range: '*', hasData: false }
28 verbose request where is /bower
29 verbose request registry https://registry.npmjs.org/
30 verbose request id e97b1e9e0df9095e
31 verbose url raw /bower
32 verbose url resolving [ 'https://registry.npmjs.org/', './bower' ]
33 verbose url resolved https://registry.npmjs.org/bower
34 verbose request where is https://registry.npmjs.org/bower
35 info trying registry request attempt 1 at 10:00:53
36 http GET https://registry.npmjs.org/bower
37 verbose request where is /grunt-cli
38 verbose request registry https://registry.npmjs.org/
39 verbose url raw /grunt-cli
40 verbose url resolving [ 'https://registry.npmjs.org/', './grunt-cli' ]
41 verbose url resolved https://registry.npmjs.org/grunt-cli
42 verbose request where is https://registry.npmjs.org/grunt-cli
43 info trying registry request attempt 1 at 10:00:53
44 http GET https://registry.npmjs.org/grunt-cli
45 http 200 https://registry.npmjs.org/grunt-cli
46 silly registry.get cb [ 200,
46 silly registry.get   { date: 'Fri, 03 Apr 2015 15:00:54 GMT',
46 silly registry.get     server: 'CouchDB/1.5.0 (Erlang OTP/R16B03)',
46 silly registry.get     etag: '"7XIL8LLF4UT0FTQYZBA8QKUJ4"',
46 silly registry.get     'content-type': 'application/json',
46 silly registry.get     'cache-control': 'max-age=60',
46 silly registry.get     'content-length': '20577',
46 silly registry.get     'accept-ranges': 'bytes',
46 silly registry.get     via: '1.1 varnish',
46 silly registry.get     age: '51',
46 silly registry.get     'x-served-by': 'cache-dfw1830-DFW',
46 silly registry.get     'x-cache': 'HIT',
46 silly registry.get     'x-cache-hits': '32',
46 silly registry.get     'x-timer': 'S1428073254.375748,VS0,VE0',
46 silly registry.get     vary: 'Accept',
46 silly registry.get     'keep-alive': 'timeout=10, max=50',
46 silly registry.get     connection: 'Keep-Alive' } ]
47 silly addNameRange number 2 { name: 'grunt-cli', range: '*', hasData: true }
48 silly addNameRange versions [ 'grunt-cli',
48 silly addNameRange   [ '0.1.0',
48 silly addNameRange     '0.1.1',
48 silly addNameRange     '0.1.2',
48 silly addNameRange     '0.1.3',
48 silly addNameRange     '0.1.4',
48 silly addNameRange     '0.1.5',
48 silly addNameRange     '0.1.6',
48 silly addNameRange     '0.1.7',
48 silly addNameRange     '0.1.8',
48 silly addNameRange     '0.1.9',
48 silly addNameRange     '0.1.10',
48 silly addNameRange     '0.1.11',
48 silly addNameRange     '0.1.12',
48 silly addNameRange     '0.1.13' ] ]
49 verbose addNamed [ 'grunt-cli', '0.1.13' ]
50 verbose addNamed [ '0.1.13', '0.1.13' ]
51 silly lockFile 28997503-grunt-cli-0-1-13 grunt-cli@0.1.13
52 verbose lock grunt-cli@0.1.13 /Users/coleman/.npm/28997503-grunt-cli-0-1-13.lock
53 silly lockFile ab76c46e-g-grunt-cli-grunt-cli-0-1-13-tgz https://registry.npmjs.org/grunt-cli/-/grunt-cli-0.1.13.tgz
54 verbose lock https://registry.npmjs.org/grunt-cli/-/grunt-cli-0.1.13.tgz /Users/coleman/.npm/ab76c46e-g-grunt-cli-grunt-cli-0-1-13-tgz.lock
55 verbose addRemoteTarball [ 'https://registry.npmjs.org/grunt-cli/-/grunt-cli-0.1.13.tgz',
55 verbose addRemoteTarball   'e9ebc4047631f5012d922770c39378133cad10f4' ]
56 info retry fetch attempt 1 at 10:00:54
57 verbose fetch to= /var/folders/2q/m_h2v_352fd4fn8fm05293300000gp/T/npm-59875-7ZIAbnW5/registry.npmjs.org/grunt-cli/-/grunt-cli-0.1.13.tgz
58 http GET https://registry.npmjs.org/grunt-cli/-/grunt-cli-0.1.13.tgz
59 http 200 https://registry.npmjs.org/grunt-cli/-/grunt-cli-0.1.13.tgz
60 silly lockFile ab76c46e-g-grunt-cli-grunt-cli-0-1-13-tgz https://registry.npmjs.org/grunt-cli/-/grunt-cli-0.1.13.tgz
61 silly lockFile ab76c46e-g-grunt-cli-grunt-cli-0-1-13-tgz https://registry.npmjs.org/grunt-cli/-/grunt-cli-0.1.13.tgz
62 silly lockFile 28997503-grunt-cli-0-1-13 grunt-cli@0.1.13
63 silly lockFile 28997503-grunt-cli-0-1-13 grunt-cli@0.1.13
64 silly lockFile d63f3d0b-grunt-cli grunt-cli@
65 silly lockFile d63f3d0b-grunt-cli grunt-cli@
66 http 200 https://registry.npmjs.org/bower
67 silly registry.get cb [ 200,
67 silly registry.get   { date: 'Fri, 03 Apr 2015 15:00:54 GMT',
67 silly registry.get     server: 'CouchDB/1.5.0 (Erlang OTP/R16B03)',
67 silly registry.get     etag: '"2BIIT5DX6N9ID6S7HVO0AFNTS"',
67 silly registry.get     'content-type': 'application/json',
67 silly registry.get     'cache-control': 'max-age=60',
67 silly registry.get     'content-length': '111515',
67 silly registry.get     'accept-ranges': 'bytes',
67 silly registry.get     via: '1.1 varnish',
67 silly registry.get     age: '28',
67 silly registry.get     'x-served-by': 'cache-dfw1834-DFW',
67 silly registry.get     'x-cache': 'HIT',
67 silly registry.get     'x-cache-hits': '2',
67 silly registry.get     'x-timer': 'S1428073254.739860,VS0,VE0',
67 silly registry.get     vary: 'Accept',
67 silly registry.get     'keep-alive': 'timeout=10, max=50',
67 silly registry.get     connection: 'Keep-Alive' } ]
68 silly addNameRange number 2 { name: 'bower', range: '*', hasData: true }
69 silly addNameRange versions [ 'bower',
69 silly addNameRange   [ '0.1.0',
69 silly addNameRange     '0.1.2',
69 silly addNameRange     '0.1.3',
69 silly addNameRange     '0.2.0',
69 silly addNameRange     '0.3.0',
69 silly addNameRange     '0.3.1',
69 silly addNameRange     '0.3.2',
69 silly addNameRange     '0.4.0',
69 silly addNameRange     '0.5.0',
69 silly addNameRange     '0.5.1',
69 silly addNameRange     '0.6.0',
69 silly addNameRange     '0.6.1',
69 silly addNameRange     '0.6.2',
69 silly addNameRange     '0.6.3',
69 silly addNameRange     '0.6.4',
69 silly addNameRange     '0.6.5',
69 silly addNameRange     '0.6.6',
69 silly addNameRange     '0.6.7',
69 silly addNameRange     '0.6.8',
69 silly addNameRange     '0.7.0',
69 silly addNameRange     '0.7.1',
69 silly addNameRange     '0.8.0',
69 silly addNameRange     '0.8.1',
69 silly addNameRange     '0.8.2',
69 silly addNameRange     '0.8.3',
69 silly addNameRange     '0.8.4',
69 silly addNameRange     '0.8.5',
69 silly addNameRange     '0.8.6',
69 silly addNameRange     '0.9.0',
69 silly addNameRange     '0.9.1',
69 silly addNameRange     '0.9.2',
69 silly addNameRange     '0.10.0',
69 silly addNameRange     '1.0.0',
69 silly addNameRange     '1.0.1',
69 silly addNameRange     '1.0.2',
69 silly addNameRange     '1.0.3',
69 silly addNameRange     '1.1.0',
69 silly addNameRange     '1.1.1',
69 silly addNameRange     '1.1.2',
69 silly addNameRange     '1.2.0',
69 silly addNameRange     '1.2.1',
69 silly addNameRange     '1.2.2',
69 silly addNameRange     '1.2.3',
69 silly addNameRange     '1.2.4',
69 silly addNameRange     '1.2.5',
69 silly addNameRange     '1.2.6',
69 silly addNameRange     '1.2.7',
69 silly addNameRange     '1.2.8',
69 silly addNameRange     '1.3.0',
69 silly addNameRange     '1.3.1',
69 silly addNameRange     '1.3.2',
69 silly addNameRange     '1.3.3',
69 silly addNameRange     '1.3.4',
69 silly addNameRange     '1.3.5',
69 silly addNameRange     '1.3.6',
69 silly addNameRange     '1.3.7',
69 silly addNameRange     '1.3.8',
69 silly addNameRange     '1.3.9',
69 silly addNameRange     '1.3.10',
69 silly addNameRange     '1.3.11',
69 silly addNameRange     '1.3.12',
69 silly addNameRange     '1.4.0',
69 silly addNameRange     '1.4.1' ] ]
70 verbose addNamed [ 'bower', '1.4.1' ]
71 verbose addNamed [ '1.4.1', '1.4.1' ]
72 silly lockFile 185f46c0-bower-1-4-1 bower@1.4.1
73 verbose lock bower@1.4.1 /Users/coleman/.npm/185f46c0-bower-1-4-1.lock
74 silly lockFile 04dcb06b--npmjs-org-bower-bower-1-4-1-tgz https://registry.npmjs.org/bower/-/bower-1.4.1.tgz
75 verbose lock https://registry.npmjs.org/bower/-/bower-1.4.1.tgz /Users/coleman/.npm/04dcb06b--npmjs-org-bower-bower-1-4-1-tgz.lock
76 verbose addRemoteTarball [ 'https://registry.npmjs.org/bower/-/bower-1.4.1.tgz',
76 verbose addRemoteTarball   'a18be39d030792754f30f1c5b32d37b0156ba8dd' ]
77 info retry fetch attempt 1 at 10:00:54
78 verbose fetch to= /var/folders/2q/m_h2v_352fd4fn8fm05293300000gp/T/npm-59875-7ZIAbnW5/registry.npmjs.org/bower/-/bower-1.4.1.tgz
79 http GET https://registry.npmjs.org/bower/-/bower-1.4.1.tgz
80 http 200 https://registry.npmjs.org/bower/-/bower-1.4.1.tgz
81 silly lockFile 04dcb06b--npmjs-org-bower-bower-1-4-1-tgz https://registry.npmjs.org/bower/-/bower-1.4.1.tgz
82 silly lockFile 04dcb06b--npmjs-org-bower-bower-1-4-1-tgz https://registry.npmjs.org/bower/-/bower-1.4.1.tgz
83 silly lockFile 185f46c0-bower-1-4-1 bower@1.4.1
84 silly lockFile 185f46c0-bower-1-4-1 bower@1.4.1
85 silly lockFile 1240aab1-bower bower@
86 silly lockFile 1240aab1-bower bower@
87 silly resolved [ { name: 'grunt-cli',
87 silly resolved     description: 'The grunt command line interface.',
87 silly resolved     version: '0.1.13',
87 silly resolved     author: { name: 'Grunt Team' },
87 silly resolved     homepage: 'http://gruntjs.com/',
87 silly resolved     repository: { type: 'git', url: 'git://github.com/gruntjs/grunt-cli.git' },
87 silly resolved     bugs: { url: 'http://github.com/gruntjs/grunt-cli/issues' },
87 silly resolved     licenses: [ [Object] ],
87 silly resolved     bin: { grunt: 'bin/grunt' },
87 silly resolved     engines: { node: '>= 0.8.0' },
87 silly resolved     scripts: { test: 'node bin/grunt test' },
87 silly resolved     preferGlobal: true,
87 silly resolved     dependencies: { nopt: '~1.0.10', 'findup-sync': '~0.1.0', resolve: '~0.3.1' },
87 silly resolved     devDependencies: { grunt: '~0.4.0', 'grunt-contrib-jshint': '~0.2.0' },
87 silly resolved     contributors: [ [Object], [Object], [Object], [Object] ],
87 silly resolved     _id: 'grunt-cli@0.1.13',
87 silly resolved     dist:
87 silly resolved      { shasum: 'e9ebc4047631f5012d922770c39378133cad10f4',
87 silly resolved        tarball: 'http://registry.npmjs.org/grunt-cli/-/grunt-cli-0.1.13.tgz' },
87 silly resolved     _from: 'grunt-cli@',
87 silly resolved     _npmVersion: '1.3.24',
87 silly resolved     _npmUser: { name: 'tkellen', email: 'tyler@sleekcode.net' },
87 silly resolved     maintainers: [ [Object] ],
87 silly resolved     directories: {},
87 silly resolved     _shasum: 'e9ebc4047631f5012d922770c39378133cad10f4',
87 silly resolved     _resolved: 'https://registry.npmjs.org/grunt-cli/-/grunt-cli-0.1.13.tgz' },
87 silly resolved   { name: 'bower',
87 silly resolved     version: '1.4.1',
87 silly resolved     description: 'The browser package manager',
87 silly resolved     author: { name: 'Twitter' },
87 silly resolved     licenses: [ [Object] ],
87 silly resolved     repository: { type: 'git', url: 'https://github.com/bower/bower' },
87 silly resolved     main: 'lib',
87 silly resolved     homepage: 'http://bower.io',
87 silly resolved     engines: { node: '>=0.10.0' },
87 silly resolved     dependencies:
87 silly resolved      { abbrev: '^1.0.5',
87 silly resolved        archy: '1.0.0',
87 silly resolved        'bower-config': '^0.6.1',
87 silly resolved        'bower-endpoint-parser': '^0.2.2',
87 silly resolved        'bower-json': '^0.4.0',
87 silly resolved        'bower-logger': '^0.2.2',
87 silly resolved        'bower-registry-client': '^0.3.0',
87 silly resolved        cardinal: '0.4.4',
87 silly resolved        chalk: '^1.0.0',
87 silly resolved        chmodr: '0.1.0',
87 silly resolved        configstore: '^0.3.2',
87 silly resolved        'decompress-zip': '^0.1.0',
87 silly resolved        fstream: '^1.0.3',
87 silly resolved        'fstream-ignore': '^1.0.2',
87 silly resolved        github: '^0.2.3',
87 silly resolved        glob: '^4.3.2',
87 silly resolved        'graceful-fs': '^3.0.5',
87 silly resolved        handlebars: '^2.0.0',
87 silly resolved        inquirer: '0.8.0',
87 silly resolved        insight: '^0.5.0',
87 silly resolved        'is-root': '^1.0.0',
87 silly resolved        junk: '^1.0.0',
87 silly resolved        lockfile: '^1.0.0',
87 silly resolved        'lru-cache': '^2.5.0',
87 silly resolved        mkdirp: '0.5.0',
87 silly resolved        mout: '^0.11.0',
87 silly resolved        nopt: '^3.0.1',
87 silly resolved        opn: '^1.0.1',
87 silly resolved        'p-throttler': '0.1.1',
87 silly resolved        promptly: '0.2.0',
87 silly resolved        q: '^1.1.2',
87 silly resolved        request: '2.53.0',
87 silly resolved        'request-progress': '0.3.1',
87 silly resolved        retry: '0.6.1',
87 silly resolved        rimraf: '^2.2.8',
87 silly resolved        semver: '^2.3.0',
87 silly resolved        'shell-quote': '^1.4.2',
87 silly resolved        'stringify-object': '^1.0.0',
87 silly resolved        'tar-fs': '^1.4.1',
87 silly resolved        tmp: '0.0.24',
87 silly resolved        'update-notifier': '^0.3.0',
87 silly resolved        'user-home': '^1.1.0',
87 silly resolved        which: '^1.0.8' },
87 silly resolved     devDependencies:
87 silly resolved      { chai: '^1.10.0',
87 silly resolved        coveralls: '^2.11.2',
87 silly resolved        'expect.js': '^0.3.1',
87 silly resolved        grunt: '^0.4.5',
87 silly resolved        'grunt-cli': '^0.1.13',
87 silly resolved        'grunt-contrib-jshint': '^0.10.0',
87 silly resolved        'grunt-contrib-watch': '^0.6.1',
87 silly resolved        'grunt-exec': '^0.4.6',
87 silly resolved        'grunt-simple-mocha': '^0.4.0',
87 silly resolved        istanbul: '^0.3.5',
87 silly resolved        'load-grunt-tasks': '^2.0.0',
87 silly resolved        mocha: '^2.1.0',
87 silly resolved        multiline: '^1.0.2',
87 silly resolved        nock: '^0.56.0',
87 silly resolved        'node-uuid': '^1.4.2',
87 silly resolved        proxyquire: '^1.3.0',
87 silly resolved        'spawn-sync': '^1.0.5' },
87 silly resolved     scripts: { test: 'grunt test' },
87 silly resolved     bin: { bower: 'bin/bower' },
87 silly resolved     preferGlobal: true,
87 silly resolved     gitHead: 'a1287416d40f944d58cb8f2e774e2076bfffd32f',
87 silly resolved     bugs: { url: 'https://github.com/bower/bower/issues' },
87 silly resolved     _id: 'bower@1.4.1',
87 silly resolved     _shasum: 'a18be39d030792754f30f1c5b32d37b0156ba8dd',
87 silly resolved     _from: 'bower@',
87 silly resolved     _npmVersion: '2.7.4',
87 silly resolved     _nodeVersion: '0.12.0',
87 silly resolved     _npmUser: { name: 'sheerun', email: 'sheerun@sher.pl' },
87 silly resolved     maintainers: [ [Object], [Object], [Object], [Object], [Object], [Object] ],
87 silly resolved     dist:
87 silly resolved      { shasum: 'a18be39d030792754f30f1c5b32d37b0156ba8dd',
87 silly resolved        tarball: 'http://registry.npmjs.org/bower/-/bower-1.4.1.tgz' },
87 silly resolved     directories: {},
87 silly resolved     _resolved: 'https://registry.npmjs.org/bower/-/bower-1.4.1.tgz' } ]
88 info install grunt-cli@0.1.13 into /usr/local/lib
89 info install bower@1.4.1 into /usr/local/lib
90 info installOne grunt-cli@0.1.13
91 info installOne bower@1.4.1
92 verbose lib/node_modules/grunt-cli unbuild
93 verbose lib/node_modules/bower unbuild
94 verbose tar unpack /Users/coleman/.npm/grunt-cli/0.1.13/package.tgz
95 silly lockFile 466968dc-local-lib-node-modules-grunt-cli tar:///usr/local/lib/node_modules/grunt-cli
96 verbose lock tar:///usr/local/lib/node_modules/grunt-cli /Users/coleman/.npm/466968dc-local-lib-node-modules-grunt-cli.lock
97 silly lockFile 6914ebe8-npm-grunt-cli-0-1-13-package-tgz tar:///Users/coleman/.npm/grunt-cli/0.1.13/package.tgz
98 verbose lock tar:///Users/coleman/.npm/grunt-cli/0.1.13/package.tgz /Users/coleman/.npm/6914ebe8-npm-grunt-cli-0-1-13-package-tgz.lock
99 verbose tar unpack /Users/coleman/.npm/bower/1.4.1/package.tgz
100 silly lockFile 1396471b-usr-local-lib-node-modules-bower tar:///usr/local/lib/node_modules/bower
101 verbose lock tar:///usr/local/lib/node_modules/bower /Users/coleman/.npm/1396471b-usr-local-lib-node-modules-bower.lock
102 silly lockFile 75464f9b-eman-npm-bower-1-4-1-package-tgz tar:///Users/coleman/.npm/bower/1.4.1/package.tgz
103 verbose lock tar:///Users/coleman/.npm/bower/1.4.1/package.tgz /Users/coleman/.npm/75464f9b-eman-npm-bower-1-4-1-package-tgz.lock
104 silly gunzTarPerm modes [ '755', '644' ]
105 silly gunzTarPerm modes [ '755', '644' ]
106 error Error: EACCES, mkdir '/usr/local/lib/node_modules/grunt-cli'
106 error  { [Error: EACCES, mkdir '/usr/local/lib/node_modules/grunt-cli']
106 error   errno: 3,
106 error   code: 'EACCES',
106 error   path: '/usr/local/lib/node_modules/grunt-cli',
106 error   fstream_type: 'Directory',
106 error   fstream_path: '/usr/local/lib/node_modules/grunt-cli',
106 error   fstream_class: 'DirWriter',
106 error   fstream_stack:
106 error    [ '/usr/local/lib/node_modules/npm/node_modules/fstream/lib/dir-writer.js:36:23',
106 error      '/usr/local/lib/node_modules/npm/node_modules/mkdirp/index.js:46:53',
106 error      'Object.oncomplete (fs.js:107:15)' ] }
107 error Please try running this command again as root/Administrator.
108 error System Darwin 14.1.0
109 error command "node" "/usr/local/bin/npm" "install" "-g" "bower" "grunt-cli"
110 error cwd /Users/coleman/Desktop/BlueCards
111 error node -v v0.10.33
112 error npm -v 1.4.28
113 error path /usr/local/lib/node_modules/grunt-cli
114 error fstream_path /usr/local/lib/node_modules/grunt-cli
115 error fstream_type Directory
116 error fstream_class DirWriter
117 error code EACCES
118 error errno 3
119 error stack Error: EACCES, mkdir '/usr/local/lib/node_modules/grunt-cli'
120 error fstream_stack /usr/local/lib/node_modules/npm/node_modules/fstream/lib/dir-writer.js:36:23
120 error fstream_stack /usr/local/lib/node_modules/npm/node_modules/mkdirp/index.js:46:53
120 error fstream_stack Object.oncomplete (fs.js:107:15)
121 verbose exit [ 3, true ]
